# JRE version: OpenJDK Runtime Environment Temurin-21.0.12.1+1 (21.0.12.1+1) (build 21.0.12.1+1-LTS)
# Java VM: OpenJDK 64-Bit Server VM Temurin-21.0.12.1+1 (21.0.12.1+1-LTS, mixed mode, sharing, tiered, compressed oops, compressed class ptrs, g1 gc, windows-amd64)
GC Precious Log:
 CardTable entry size: 512
 Card Set container configuration: InlinePtr #cards 5 size 8 Array Of Cards #cards 12 size 40 Howl #buckets 4 coarsen threshold 1843 Howl Bitmap #cards 512 size 80 coarsen threshold 460 Card regions per heap region 1 cards per card region 2048
 CPUs: 8 total, 8 available
 Memory: 15914M
 Large Page Support: Disabled
 NUMA Support: Disabled
 Compressed Oops: Enabled (32-bit)
 Heap Region Size: 1M
 Heap Min Capacity: 256M
 Heap Initial Capacity: 256M
 Heap Max Capacity: 512M
 Pre-touch: Disabled
 Parallel Workers: 8
 Concurrent Workers: 2
 Concurrent Refinement Workers: 8
 Periodic GC: Disabled
Heap:
 garbage-first heap   total 262144K, used 113466K [0x00000000e0000000, 0x0000000100000000)
  region size 1024K, 100 young (102400K), 12 survivors (12288K)
 Metaspace       used 32458K, committed 33472K, reserved 393216K
  class space    used 4620K, committed 5120K, reserved 327680K
GC Heap History (8 events):
Event: 6.333 GC heap before
{Heap before GC invocations=0 (full 0):
 garbage-first heap   total 262144K, used 23552K [0x00000000e0000000, 0x0000000100000000)
  region size 1024K, 23 young (23552K), 0 survivors (0K)
 Metaspace       used 927K, committed 1088K, reserved 393216K
  class space    used 76K, committed 128K, reserved 327680K
}
Event: 6.384 GC heap after
{Heap after GC invocations=1 (full 0):
 garbage-first heap   total 262144K, used 1621K [0x00000000e0000000, 0x0000000100000000)
  region size 1024K, 2 young (2048K), 2 survivors (2048K)
 Metaspace       used 927K, committed 1088K, reserved 393216K
  class space    used 76K, committed 128K, reserved 327680K
}
Event: 20.763 GC heap before
{Heap before GC invocations=1 (full 0):
 garbage-first heap   total 262144K, used 41557K [0x00000000e0000000, 0x0000000100000000)
  region size 1024K, 39 young (39936K), 2 survivors (2048K)
 Metaspace       used 4463K, committed 4608K, reserved 393216K
  class space    used 565K, committed 640K, reserved 327680K
}
Event: 20.768 GC heap after
{Heap after GC invocations=2 (full 0):
 garbage-first heap   total 262144K, used 10940K [0x00000000e0000000, 0x0000000100000000)
  region size 1024K, 5 young (5120K), 5 survivors (5120K)
 Metaspace       used 4463K, committed 4608K, reserved 393216K
  class space    used 565K, committed 640K, reserved 327680K
}
Event: 43.093 GC heap before
{Heap before GC invocations=2 (full 0):
 garbage-first heap   total 262144K, used 72380K [0x00000000e0000000, 0x0000000100000000)
  region size 1024K, 64 young (65536K), 5 survivors (5120K)
 Metaspace       used 8062K, committed 8384K, reserved 393216K
  class space    used 1106K, committed 1216K, reserved 327680K
}
Event: 43.134 GC heap after
{Heap after GC invocations=3 (full 0):
 garbage-first heap   total 262144K, used 18577K [0x00000000e0000000, 0x0000000100000000)
  region size 1024K, 7 young (7168K), 7 survivors (7168K)
 Metaspace       used 8062K, committed 8384K, reserved 393216K
  class space    used 1106K, committed 1216K, reserved 327680K
}
Event: 67.700 GC heap before
{Heap before GC invocations=3 (full 0):
 garbage-first heap   total 262144K, used 102545K [0x00000000e0000000, 0x0000000100000000)
  region size 1024K, 90 young (92160K), 7 survivors (7168K)
 Metaspace       used 20880K, committed 21504K, reserved 393216K
  class space    used 3074K, committed 3392K, reserved 327680K
}
Event: 67.709 GC heap after
{Heap after GC invocations=4 (full 0):
 garbage-first heap   total 262144K, used 24378K [0x00000000e0000000, 0x0000000100000000)
  region size 1024K, 12 young (12288K), 12 survivors (12288K)
 Metaspace       used 20880K, committed 21504K, reserved 393216K
  class space    used 3074K, committed 3392K, reserved 327680K
}

