# JRE version: OpenJDK Runtime Environment Temurin-21.0.12.1+1 (21.0.12.1+1) (build 21.0.12.1+1-LTS)
# Java VM: OpenJDK 64-Bit Server VM Temurin-21.0.12.1+1 (21.0.12.1+1-LTS, mixed mode, sharing, tiered, compressed oops, compressed class ptrs, g1 gc, windows-amd64)
GC Precious Log:
 CardTable entry size: 512
 Card Set container configuration: InlinePtr #cards 5 size 8 Array Of Cards #cards 12 size 40 Howl #buckets 4 coarsen threshold 1843 Howl Bitmap #cards 512 size 80 coarsen threshold 460 Card regions per heap region 1 cards per card region 2048
 CPUs: 8 total, 8 available
 Memory: 15914M
 Large Page Support: Disabled
 NUMA Support: Disabled
 Compressed Oops: Enabled (32-bit)
 Heap Region Size: 1M
 Heap Min Capacity: 256M
 Heap Initial Capacity: 256M
 Heap Max Capacity: 512M
 Pre-touch: Disabled
 Parallel Workers: 8
 Concurrent Workers: 2
 Concurrent Refinement Workers: 8
 Periodic GC: Disabled
Heap:
 garbage-first heap   total 262144K, used 84611K [0x00000000e0000000, 0x0000000100000000)
  region size 1024K, 53 young (54272K), 16 survivors (16384K)
 Metaspace       used 57620K, committed 59712K, reserved 393216K
  class space    used 8458K, committed 9472K, reserved 327680K
GC Heap History (16 events):
Event: 4.842 GC heap before
{Heap before GC invocations=0 (full 0):
 garbage-first heap   total 262144K, used 23552K [0x00000000e0000000, 0x0000000100000000)
  region size 1024K, 23 young (23552K), 0 survivors (0K)
 Metaspace       used 925K, committed 1088K, reserved 393216K
  class space    used 76K, committed 128K, reserved 327680K
}
Event: 4.885 GC heap after
{Heap after GC invocations=1 (full 0):
 garbage-first heap   total 262144K, used 1621K [0x00000000e0000000, 0x0000000100000000)
  region size 1024K, 2 young (2048K), 2 survivors (2048K)
 Metaspace       used 925K, committed 1088K, reserved 393216K
  class space    used 76K, committed 128K, reserved 327680K
}
Event: 13.432 GC heap before
{Heap before GC invocations=1 (full 0):
 garbage-first heap   total 262144K, used 41557K [0x00000000e0000000, 0x0000000100000000)
  region size 1024K, 39 young (39936K), 2 survivors (2048K)
 Metaspace       used 4424K, committed 4608K, reserved 393216K
  class space    used 562K, committed 640K, reserved 327680K
}
Event: 13.436 GC heap after
{Heap after GC invocations=2 (full 0):
 garbage-first heap   total 262144K, used 10842K [0x00000000e0000000, 0x0000000100000000)
  region size 1024K, 5 young (5120K), 5 survivors (5120K)
 Metaspace       used 4424K, committed 4608K, reserved 393216K
  class space    used 562K, committed 640K, reserved 327680K
}
Event: 34.670 GC heap before
{Heap before GC invocations=2 (full 0):
 garbage-first heap   total 262144K, used 74330K [0x00000000e0000000, 0x0000000100000000)
  region size 1024K, 65 young (66560K), 5 survivors (5120K)
 Metaspace       used 8543K, committed 8896K, reserved 393216K
  class space    used 1171K, committed 1344K, reserved 327680K
}
Event: 34.675 GC heap after
{Heap after GC invocations=3 (full 0):
 garbage-first heap   total 262144K, used 18105K [0x00000000e0000000, 0x0000000100000000)
  region size 1024K, 9 young (9216K), 9 survivors (9216K)
 Metaspace       used 8543K, committed 8896K, reserved 393216K
  class space    used 1171K, committed 1344K, reserved 327680K
}
Event: 41.361 GC heap before
{Heap before GC invocations=3 (full 0):
 garbage-first heap   total 262144K, used 97977K [0x00000000e0000000, 0x0000000100000000)
  region size 1024K, 88 young (90112K), 9 survivors (9216K)
 Metaspace       used 20827K, committed 21504K, reserved 393216K
  class space    used 3064K, committed 3456K, reserved 327680K
}
Event: 41.377 GC heap after
{Heap after GC invocations=4 (full 0):
 garbage-first heap   total 262144K, used 24505K [0x00000000e0000000, 0x0000000100000000)
  region size 1024K, 16 young (16384K), 16 survivors (16384K)
 Metaspace       used 20827K, committed 21504K, reserved 393216K
  class space    used 3064K, committed 3456K, reserved 327680K
}
Event: 324.440 GC heap before
{Heap before GC invocations=5 (full 0):
 garbage-first heap   total 262144K, used 157625K [0x00000000e0000000, 0x0000000100000000)
  region size 1024K, 147 young (150528K), 16 survivors (16384K)
 Metaspace       used 33830K, committed 34944K, reserved 393216K
  class space    used 4851K, committed 5376K, reserved 327680K
}
Event: 324.500 GC heap after
{Heap after GC invocations=6 (full 0):
 garbage-first heap   total 262144K, used 32310K [0x00000000e0000000, 0x0000000100000000)
  region size 1024K, 14 young (14336K), 14 survivors (14336K)
 Metaspace       used 33830K, committed 34944K, reserved 393216K
  class space    used 4851K, committed 5376K, reserved 327680K
}
Event: 325.148 GC heap before
{Heap before GC invocations=6 (full 0):
 garbage-first heap   total 262144K, used 41526K [0x00000000e0000000, 0x0000000100000000)
  region size 1024K, 20 young (20480K), 14 survivors (14336K)
 Metaspace       used 34944K, committed 35968K, reserved 393216K
  class space    used 4924K, committed 5440K, reserved 327680K
}
Event: 325.160 GC heap after
{Heap after GC invocations=7 (full 0):
 garbage-first heap   total 262144K, used 32967K [0x00000000e0000000, 0x0000000100000000)
  region size 1024K, 9 young (9216K), 9 survivors (9216K)
 Metaspace       used 34944K, committed 35968K, reserved 393216K
  class space    used 4924K, committed 5440K, reserved 327680K
}
Event: 967.885 GC heap before
{Heap before GC invocations=8 (full 0):
 garbage-first heap   total 262144K, used 181447K [0x00000000e0000000, 0x0000000100000000)
  region size 1024K, 153 young (156672K), 9 survivors (9216K)
 Metaspace       used 45767K, committed 47424K, reserved 393216K
  class space    used 6593K, committed 7424K, reserved 327680K
}
Event: 967.946 GC heap after
{Heap after GC invocations=9 (full 0):
 garbage-first heap   total 262144K, used 38354K [0x00000000e0000000, 0x0000000100000000)
  region size 1024K, 14 young (14336K), 14 survivors (14336K)
 Metaspace       used 45767K, committed 47424K, reserved 393216K
  class space    used 6593K, committed 7424K, reserved 327680K
}
Event: 1013.753 GC heap before
{Heap before GC invocations=9 (full 0):
 garbage-first heap   total 262144K, used 179666K [0x00000000e0000000, 0x0000000100000000)
  region size 1024K, 153 young (156672K), 14 survivors (14336K)
 Metaspace       used 55673K, committed 57664K, reserved 393216K
  class space    used 8148K, committed 9152K, reserved 327680K
}
Event: 1013.962 GC heap after
{Heap after GC invocations=10 (full 0):
 garbage-first heap   total 262144K, used 47747K [0x00000000e0000000, 0x0000000100000000)
  region size 1024K, 16 young (16384K), 16 survivors (16384K)
 Metaspace       used 55673K, committed 57664K, reserved 393216K
  class space    used 8148K, committed 9152K, reserved 327680K
}

