# JRE version: OpenJDK Runtime Environment Temurin-21.0.12.1+1 (21.0.12.1+1) (build 21.0.12.1+1-LTS)
# Java VM: OpenJDK 64-Bit Server VM Temurin-21.0.12.1+1 (21.0.12.1+1-LTS, mixed mode, sharing, tiered, compressed oops, compressed class ptrs, g1 gc, windows-amd64)
GC Precious Log:
 CardTable entry size: 512
 Card Set container configuration: InlinePtr #cards 5 size 8 Array Of Cards #cards 12 size 40 Howl #buckets 4 coarsen threshold 1843 Howl Bitmap #cards 512 size 80 coarsen threshold 460 Card regions per heap region 1 cards per card region 2048
 CPUs: 8 total, 8 available
 Memory: 15914M
 Large Page Support: Disabled
 NUMA Support: Disabled
 Compressed Oops: Enabled (32-bit)
 Heap Region Size: 1M
 Heap Min Capacity: 256M
 Heap Initial Capacity: 256M
 Heap Max Capacity: 512M
 Pre-touch: Disabled
 Parallel Workers: 8
 Concurrent Workers: 2
 Concurrent Refinement Workers: 8
 Periodic GC: Disabled
Heap:
 garbage-first heap   total 262144K, used 47056K [0x00000000e0000000, 0x0000000100000000)
  region size 1024K, 24 young (24576K), 9 survivors (9216K)
 Metaspace       used 35696K, committed 36736K, reserved 393216K
  class space    used 5065K, committed 5568K, reserved 327680K
GC Heap History (14 events):
Event: 7.082 GC heap before
{Heap before GC invocations=0 (full 0):
 garbage-first heap   total 262144K, used 23552K [0x00000000e0000000, 0x0000000100000000)
  region size 1024K, 23 young (23552K), 0 survivors (0K)
 Metaspace       used 958K, committed 1088K, reserved 393216K
  class space    used 78K, committed 128K, reserved 327680K
}
Event: 7.107 GC heap after
{Heap after GC invocations=1 (full 0):
 garbage-first heap   total 262144K, used 1621K [0x00000000e0000000, 0x0000000100000000)
  region size 1024K, 2 young (2048K), 2 survivors (2048K)
 Metaspace       used 958K, committed 1088K, reserved 393216K
  class space    used 78K, committed 128K, reserved 327680K
}
Event: 13.497 GC heap before
{Heap before GC invocations=1 (full 0):
 garbage-first heap   total 262144K, used 41557K [0x00000000e0000000, 0x0000000100000000)
  region size 1024K, 39 young (39936K), 2 survivors (2048K)
 Metaspace       used 4455K, committed 4608K, reserved 393216K
  class space    used 563K, committed 640K, reserved 327680K
}
Event: 13.501 GC heap after
{Heap after GC invocations=2 (full 0):
 garbage-first heap   total 262144K, used 10852K [0x00000000e0000000, 0x0000000100000000)
  region size 1024K, 5 young (5120K), 5 survivors (5120K)
 Metaspace       used 4455K, committed 4608K, reserved 393216K
  class space    used 563K, committed 640K, reserved 327680K
}
Event: 22.057 GC heap before
{Heap before GC invocations=2 (full 0):
 garbage-first heap   total 262144K, used 72292K [0x00000000e0000000, 0x0000000100000000)
  region size 1024K, 63 young (64512K), 5 survivors (5120K)
 Metaspace       used 7941K, committed 8256K, reserved 393216K
  class space    used 1079K, committed 1216K, reserved 327680K
}
Event: 22.062 GC heap after
{Heap after GC invocations=3 (full 0):
 garbage-first heap   total 262144K, used 18429K [0x00000000e0000000, 0x0000000100000000)
  region size 1024K, 6 young (6144K), 6 survivors (6144K)
 Metaspace       used 7941K, committed 8256K, reserved 393216K
  class space    used 1079K, committed 1216K, reserved 327680K
}
Event: 31.992 GC heap before
{Heap before GC invocations=3 (full 0):
 garbage-first heap   total 262144K, used 100349K [0x00000000e0000000, 0x0000000100000000)
  region size 1024K, 87 young (89088K), 6 survivors (6144K)
 Metaspace       used 20851K, committed 21504K, reserved 393216K
  class space    used 3075K, committed 3392K, reserved 327680K
}
Event: 31.998 GC heap after
{Heap after GC invocations=4 (full 0):
 garbage-first heap   total 262144K, used 24175K [0x00000000e0000000, 0x0000000100000000)
  region size 1024K, 12 young (12288K), 12 survivors (12288K)
 Metaspace       used 20851K, committed 21504K, reserved 393216K
  class space    used 3075K, committed 3392K, reserved 327680K
}
Event: 83.781 GC heap before
{Heap before GC invocations=5 (full 0):
 garbage-first heap   total 262144K, used 139887K [0x00000000e0000000, 0x0000000100000000)
  region size 1024K, 122 young (124928K), 12 survivors (12288K)
 Metaspace       used 34971K, committed 35968K, reserved 393216K
  class space    used 4946K, committed 5440K, reserved 327680K
}
Event: 83.816 GC heap after
{Heap after GC invocations=6 (full 0):
 garbage-first heap   total 262144K, used 32427K [0x00000000e0000000, 0x0000000100000000)
  region size 1024K, 14 young (14336K), 14 survivors (14336K)
 Metaspace       used 34971K, committed 35968K, reserved 393216K
  class space    used 4946K, committed 5440K, reserved 327680K
}
Event: 84.050 GC heap before
{Heap before GC invocations=6 (full 0):
 garbage-first heap   total 262144K, used 34475K [0x00000000e0000000, 0x0000000100000000)
  region size 1024K, 17 young (17408K), 14 survivors (14336K)
 Metaspace       used 35281K, committed 36288K, reserved 393216K
  class space    used 4991K, committed 5504K, reserved 327680K
}
Event: 84.066 GC heap after
{Heap after GC invocations=7 (full 0):
 garbage-first heap   total 262144K, used 32579K [0x00000000e0000000, 0x0000000100000000)
  region size 1024K, 9 young (9216K), 9 survivors (9216K)
 Metaspace       used 35281K, committed 36288K, reserved 393216K
  class space    used 4991K, committed 5504K, reserved 327680K
}
Event: 84.235 GC heap before
{Heap before GC invocations=7 (full 0):
 garbage-first heap   total 262144K, used 34627K [0x00000000e0000000, 0x0000000100000000)
  region size 1024K, 12 young (12288K), 9 survivors (9216K)
 Metaspace       used 35527K, committed 36608K, reserved 393216K
  class space    used 5037K, committed 5568K, reserved 327680K
}
Event: 84.241 GC heap after
{Heap after GC invocations=8 (full 0):
 garbage-first heap   total 262144K, used 32720K [0x00000000e0000000, 0x0000000100000000)
  region size 1024K, 9 young (9216K), 9 survivors (9216K)
 Metaspace       used 35527K, committed 36608K, reserved 393216K
  class space    used 5037K, committed 5568K, reserved 327680K
}

